<?xml version="1.0" encoding="UTF-8"?>
<testsuite xmlns:xsi="http://www.w3.org/2001/XMLSchema-instance" xsi:noNamespaceSchemaLocation="https://maven.apache.org/surefire/maven-surefire-plugin/xsd/surefire-test-report-3.0.xsd" version="3.0" name="TesteStringTools" time="0.099" tests="27" errors="0" skipped="0" failures="0">
  <properties>
[...]
</properties>
  <testcase name="testaConcatenacao" classname="TesteStringTools" time="0.019"/>
  <testcase name="testaPrimeraLetraEmMaiusculo" classname="TesteStringTools" time="0.009"/>
  <testcase name="testaStringEstivarDentroDaLista" classname="TesteStringTools" time="0.002"/>
  <testcase name="testaPreenchimentoEsquerda" classname="TesteStringTools" time="0.001"/>
  <testcase name="testaListaNaoVazio" classname="TesteStringTools" time="0.001"/>
  <testcase name="testaStringNaoEstivarDentroDaLista" classname="TesteStringTools" time="0.0"/>
  <testcase name="testaNVL" classname="TesteStringTools" time="0.0"/>
  <testcase name="testaRetornandoDigitos" classname="TesteStringTools" time="0.0"/>
  <testcase name="testaConversaoBoolean" classname="TesteStringTools" time="0.0"/>
  <testcase name="testaNomeDeClasseValido" classname="TesteStringTools" time="0.0"/>
  <testcase name="testaInversaoDeUmaString" classname="TesteStringTools" time="0.013"/>
  <testcase name="testaPreenchimentoDireita" classname="TesteStringTools" time="0.0"/>
  <testcase name="testaIdentificadorJavaValido" classname="TesteStringTools" time="0.0"/>
  <testcase name="testaStringNaoVazia" classname="TesteStringTools" time="0.0"/>
  <testcase name="testaTamnho" classname="TesteStringTools" time="0.0"/>
  <testcase name="testaStringVazia" classname="TesteStringTools" time="0.005"/>
  <testcase name="testaXMLTag" classname="TesteStringTools" time="0.003"/>
  <testcase name="tastaListaNaoTemAlgumValor" classname="TesteStringTools" time="0.0"/>
  <testcase name="testaDivisaoPorTamanho" classname="TesteStringTools" time="0.0"/>
  <testcase name="tastaListaTemAlgumValor" classname="TesteStringTools" time="0.007"/>
  <testcase name="testaStringApenasCaracteres" classname="TesteStringTools" time="0.001"/>
  <testcase name="testaListaCaracteresValidos" classname="TesteStringTools" time="0.0"/>
  <testcase name="testaRemocaoEspacos" classname="TesteStringTools" time="0.0"/>
  <testcase name="testaStringNaoVaziaEIgual" classname="TesteStringTools" time="0.0"/>
  <testcase name="testaRemocaoAcentos" classname="TesteStringTools" time="0.0"/>
  <testcase name="testaStringParaArray" classname="TesteStringTools" time="0.0"/>
  <testcase name="testaRemocaoCaracteres" classname="TesteStringTools" time="0.0"/>
</testsuite>